<?xml version="1.0" encoding="UTF-8"?>
<testng-results skipped="0" failed="0" ignored="0" total="1" passed="1">
  <reporter-output>
  </reporter-output>
  <suite name="Suite" duration-ms="11183" started-at="2022-08-17T14:41:58 IST" finished-at="2022-08-17T14:42:09 IST">
    <groups>
    </groups>
    <test name="Test" duration-ms="11183" started-at="2022-08-17T14:41:58 IST" finished-at="2022-08-17T14:42:09 IST">
      <class name="test.Test">
        <test-method status="PASS" signature="login(java.lang.String)[pri:0, instance:test.Test@3b088d51]" name="login" duration-ms="11105" started-at="2022-08-17T14:41:58 IST" finished-at="2022-08-17T14:42:09 IST">
          <params>
            <param index="0">
              <value>
                <![CDATA[EDGE]]>
              </value>
            </param>
          </params>
          <reporter-output>
          </reporter-output>
        </test-method> <!-- login -->
      </class> <!-- test.Test -->
    </test> <!-- Test -->
  </suite> <!-- Suite -->
</testng-results>
