<?xml version="1.0" encoding="UTF-8"?>
<testng-results skipped="0" failed="0" ignored="0" total="1" passed="1">
  <reporter-output>
  </reporter-output>
  <suite name="Surefire suite" duration-ms="6460" started-at="2022-08-17T13:55:40 IST" finished-at="2022-08-17T13:55:46 IST">
    <groups>
    </groups>
    <test name="Surefire test" duration-ms="6460" started-at="2022-08-17T13:55:40 IST" finished-at="2022-08-17T13:55:46 IST">
      <class name="test.Test">
        <test-method status="PASS" signature="login()[pri:0, instance:test.Test@23faf8f2]" name="login" duration-ms="6368" started-at="2022-08-17T13:55:40 IST" finished-at="2022-08-17T13:55:46 IST">
          <reporter-output>
          </reporter-output>
        </test-method> <!-- login -->
      </class> <!-- test.Test -->
    </test> <!-- Surefire test -->
  </suite> <!-- Surefire suite -->
</testng-results>
