<?xml version="1.0" encoding="UTF-8"?>
<testng-results skipped="0" failed="0" ignored="0" total="1" passed="1">
  <reporter-output>
  </reporter-output>
  <suite name="Suite" duration-ms="9747" started-at="2022-08-16T20:03:57 IST" finished-at="2022-08-16T20:04:06 IST">
    <groups>
    </groups>
    <test name="Test" duration-ms="9747" started-at="2022-08-16T20:03:57 IST" finished-at="2022-08-16T20:04:06 IST">
      <class name="test.Test">
        <test-method status="PASS" signature="login()[pri:0, instance:test.Test@11758f2a]" name="login" duration-ms="9667" started-at="2022-08-16T20:03:57 IST" finished-at="2022-08-16T20:04:06 IST">
          <reporter-output>
          </reporter-output>
        </test-method> <!-- login -->
      </class> <!-- test.Test -->
    </test> <!-- Test -->
  </suite> <!-- Suite -->
</testng-results>
